<?xml version="1.0" encoding="UTF-8"?>
<!-- Generated by org.testng.reporters.JUnitReportReporter -->
<testsuite hostname="DESKTOP-7I5KSV2" failures="0" tests="1" name="PageObjectModel.LoginTestOrange" time="32.397" errors="0" timestamp="2023-01-09T18:14:33 IST" skipped="0">
  <testcase classname="PageObjectModel.LoginTestOrange" name="login" time="32.397"/>
  <system-out/>
</testsuite> <!-- PageObjectModel.LoginTestOrange -->
