<?xml version="1.0" encoding="UTF-8"?>
<!-- Generated by org.testng.reporters.JUnitReportReporter -->
<testsuite hostname="DESKTOP-7I5KSV2" failures="0" tests="1" name="TestNGNnew.ReadDataProvider" time="0.000" errors="0" timestamp="2023-01-06T13:45:14 IST" skipped="1">
  <testcase classname="TestNGNnew.ReadDataProvider" name="DataProvider" time="0.000">
    <skipped/>
  </testcase> <!-- DataProvider -->
  <system-out/>
</testsuite> <!-- TestNGNnew.ReadDataProvider -->
