<?xml version="1.0" encoding="UTF-8"?>
<!-- Generated by org.testng.reporters.JUnitReportReporter -->
<testsuite hostname="DESKTOP-7I5KSV2" failures="0" tests="6" name="TestNG.TestNG1" time="0.031" errors="0" timestamp="2023-01-03T14:40:44 IST" skipped="0">
  <testcase classname="TestNG.TestNG1" name="TC2" time="0.003"/>
  <system-out/>
  <testcase classname="TestNG.TestNG1" name="TC5" time="0.003"/>
  <system-out/>
  <testcase classname="TestNG.TestNG1" name="TC6" time="0.006"/>
  <system-out/>
  <testcase classname="TestNG.TestNG1" name="TC3" time="0.002"/>
  <system-out/>
  <testcase classname="TestNG.TestNG1" name="TC4" time="0.004"/>
  <system-out/>
  <testcase classname="TestNG.TestNG1" name="TC1" time="0.013"/>
  <system-out/>
</testsuite> <!-- TestNG.TestNG1 -->
