<?xml version="1.0" encoding="UTF-8"?>
<!-- Generated by org.testng.reporters.JUnitReportReporter -->
<testsuite hostname="DESKTOP-7I5KSV2" failures="0" tests="1" name="TestNG.DataProvideMultipleEmp" time="0.000" errors="0" timestamp="2023-01-05T15:34:24 IST" skipped="1">
  <testcase classname="TestNG.DataProvideMultipleEmp" name="DataProvider" time="0.000">
    <skipped/>
  </testcase> <!-- DataProvider -->
  <system-out/>
</testsuite> <!-- TestNG.DataProvideMultipleEmp -->
