<?xml version="1.0" encoding="UTF-8"?>
<!-- Generated by org.testng.reporters.JUnitReportReporter -->
<testsuite hostname="DESKTOP-7I5KSV2" failures="0" tests="2" name="junit.testingJunit" time="0.021" errors="0" timestamp="2022-07-15T12:22:42 IST" skipped="0">
  <testcase classname="junit.testingJunit" name="testlogin" time="0.007"/>
  <system-out/>
  <testcase classname="junit.testingJunit" name="testNavigation" time="0.014"/>
  <system-out/>
</testsuite> <!-- junit.testingJunit -->
