<?xml version="1.0" encoding="UTF-8"?>
<!-- Generated by org.testng.reporters.JUnitReportReporter -->
<testsuite hostname="DESKTOP-7I5KSV2" failures="0" tests="1" name="TestNG.SampleTestNG" time="0.009" errors="0" timestamp="2023-01-02T18:44:32 IST" skipped="0">
  <testcase classname="TestNG.SampleTestNG" name="addEmployee" time="0.009"/>
  <system-out/>
</testsuite> <!-- TestNG.SampleTestNG -->
