<?xml version="1.0" encoding="UTF-8"?>
<!-- Generated by org.testng.reporters.JUnitReportReporter -->
<testsuite hostname="DESKTOP-7I5KSV2" failures="0" tests="4" name="Excutes.AddEmployeeExcute" time="14.492" errors="0" timestamp="2023-02-18T12:06:46 IST" skipped="0">
  <testcase classname="Excutes.AddEmployeeExcute" name="addEmployee" time="3.166"/>
  <system-out/>
  <testcase classname="Excutes.AddEmployeeExcute" name="addEmployee" time="3.740"/>
  <system-out/>
  <testcase classname="Excutes.AddEmployeeExcute" name="addEmployee" time="2.474"/>
  <system-out/>
  <testcase classname="Excutes.AddEmployeeExcute" name="addEmployee" time="5.112"/>
  <system-out/>
</testsuite> <!-- Excutes.AddEmployeeExcute -->
